<?xml version="1.0" encoding="UTF-8"?>
<!-- Generated by org.testng.reporters.JUnitReportReporter -->
<testsuite hostname="cocheche" failures="0" tests="1" name="automation.register.TC_RF_003" time="4.228" errors="0" timestamp="2025-06-24T00:20:35 ICT" skipped="0">
  <testcase classname="automation.register.TC_RF_003" name="verifyRegisterWithAllFields" time="4.228"/>
</testsuite> <!-- automation.register.TC_RF_003 -->
