<?xml version="1.0" encoding="UTF-8"?>
<!-- Generated by org.testng.reporters.JUnitReportReporter -->
<testsuite hostname="cocheche" failures="0" tests="1" name="automation.register.TC_RF_004" time="0.461" errors="0" timestamp="2025-06-25T22:37:11 ICT" skipped="0">
  <testcase classname="automation.register.TC_RF_004" name="verifyRegisterWithoutFillFields" time="0.461"/>
</testsuite> <!-- automation.register.TC_RF_004 -->
