<?xml version="1.0" encoding="UTF-8"?>
<!-- Generated by org.testng.reporters.JUnitReportReporter -->
<testsuite hostname="cocheche" failures="0" tests="1" name="automation.register.TC_RF_001" time="11.513" errors="0" timestamp="2025-06-23T10:35:19 ICT" skipped="0">
  <testcase classname="automation.register.TC_RF_001" name="verifyRegisterWithMandatoryFields" time="11.513"/>
</testsuite> <!-- automation.register.TC_RF_001 -->
