<?xml version="1.0" encoding="UTF-8"?>
<!-- Generated by org.testng.reporters.JUnitReportReporter -->
<testsuite hostname="cocheche" failures="0" tests="1" name="automation.test.Register" time="2.872" errors="0" timestamp="2025-06-25T22:57:50 ICT" skipped="0">
  <testcase classname="automation.test.Register" name="verifyRegisterWithoutFillFields" time="2.872"/>
</testsuite> <!-- automation.test.Register -->
