<?xml version="1.0" encoding="UTF-8"?>
<!-- Generated by org.testng.reporters.JUnitReportReporter -->
<testsuite hostname="cocheche" failures="0" tests="1" name="automation.test.Register" time="3.881" errors="0" timestamp="2025-06-26T11:57:47 ICT" skipped="0">
  <testcase classname="automation.test.Register" name="verifyRegisteringAccountBySubscribingToNewsletter" time="3.881"/>
</testsuite> <!-- automation.test.Register -->
