<?xml version="1.0" encoding="UTF-8"?>
<!-- Generated by org.testng.reporters.JUnitReportReporter -->
<testsuite hostname="cocheche" failures="0" tests="1" name="automation.register.TC_RF_003" time="6.546" errors="0" timestamp="2025-06-23T16:47:36 ICT" skipped="0">
  <testcase classname="automation.register.TC_RF_003" name="verifyRegisterWithAllFields" time="6.546"/>
</testsuite> <!-- automation.register.TC_RF_003 -->
